TN:
SF:script/MagicContractScript.sol
FN:8,MagicContractTest.setUp
FNDA:0,MagicContractTest.setUp
FN:10,MagicContractTest.run
FNDA:0,MagicContractTest.run
DA:11,0
DA:11,0
DA:14,0
DA:14,0
DA:15,0
DA:15,0
DA:16,0
DA:16,0
DA:19,0
DA:19,0
DA:19,0
DA:25,0
DA:25,0
DA:26,0
DA:26,0
FNF:2
FNH:0
LF:7
LH:0
BRF:0
BRH:0
end_of_record
TN:
SF:src/MagicContract.sol
FN:53,MagicContract.getTokenName
FNDA:1,MagicContract.getTokenName
DA:54,1
DA:54,1
FN:59,MagicContract.getTokenSymbol
FNDA:1,MagicContract.getTokenSymbol
DA:60,1
DA:60,1
FN:65,MagicContract.getTotalSupply
FNDA:1,MagicContract.getTotalSupply
DA:66,1
DA:66,1
FN:72,MagicContract.balanceOf
FNDA:8,MagicContract.balanceOf
DA:73,8
DA:73,8
FN:78,MagicContract.getSender
FNDA:2,MagicContract.getSender
DA:79,2
DA:79,2
FN:86,MagicContract.transfer
FNDA:4,MagicContract.transfer
DA:87,4
DA:87,4
BRDA:87,0,0,1
BRDA:87,0,1,3
DA:88,3
DA:88,3
DA:89,3
DA:89,3
DA:90,3
DA:90,3
DA:91,3
DA:91,3
FN:99,MagicContract.transferFrom
FNDA:3,MagicContract.transferFrom
DA:100,3
DA:100,3
BRDA:100,1,0,1
BRDA:100,1,1,2
DA:101,2
DA:101,2
BRDA:101,2,0,1
BRDA:101,2,1,1
DA:102,1
DA:102,1
DA:103,1
DA:103,1
DA:104,1
DA:104,1
DA:105,1
DA:105,1
FN:112,MagicContract.approve
FNDA:2,MagicContract.approve
DA:113,2
DA:113,2
DA:114,2
DA:114,2
DA:115,2
DA:115,2
FNF:8
FNH:8
LF:19
LH:19
BRF:6
BRH:6
end_of_record
