TN:
SF:script/MagicContractScript.sol
FN:8,MagicContractTest.setUp
FNDA:0,MagicContractTest.setUp
FN:10,MagicContractTest.run
FNDA:0,MagicContractTest.run
DA:11,0
DA:11,0
DA:14,0
DA:14,0
DA:15,0
DA:15,0
DA:16,0
DA:16,0
DA:19,0
DA:19,0
DA:19,0
DA:25,0
DA:25,0
DA:26,0
DA:26,0
FNF:2
FNH:0
LF:7
LH:0
BRF:0
BRH:0
end_of_record
TN:
SF:src/MagicContract.sol
FN:57,MagicContract.name
FNDA:1,MagicContract.name
DA:58,1
DA:58,1
FN:63,MagicContract.symbol
FNDA:1,MagicContract.symbol
DA:64,1
DA:64,1
FN:69,MagicContract.decimals
FNDA:1,MagicContract.decimals
DA:70,1
DA:70,1
FN:75,MagicContract.totalSupply
FNDA:1,MagicContract.totalSupply
DA:76,1
DA:76,1
FN:82,MagicContract.balanceOf
FNDA:10,MagicContract.balanceOf
DA:83,10
DA:83,10
FN:90,MagicContract.transfer
FNDA:4,MagicContract.transfer
DA:91,4
DA:91,4
DA:91,4
DA:91,4
DA:92,4
DA:92,4
BRDA:92,0,0,1
BRDA:92,0,1,3
DA:93,3
DA:93,3
DA:94,3
DA:94,3
DA:95,3
DA:95,3
DA:96,3
DA:96,3
FN:104,MagicContract.transferFrom
FNDA:3,MagicContract.transferFrom
DA:105,3
DA:105,3
DA:105,3
DA:105,3
DA:106,3
DA:106,3
BRDA:106,1,0,1
BRDA:106,1,1,2
DA:107,2
DA:107,2
BRDA:107,2,0,1
BRDA:107,2,1,1
DA:108,1
DA:108,1
DA:109,1
DA:109,1
DA:110,1
DA:110,1
DA:111,1
DA:111,1
FN:118,MagicContract.approve
FNDA:2,MagicContract.approve
DA:119,2
DA:119,2
DA:119,2
DA:119,2
DA:120,2
DA:120,2
DA:121,2
DA:121,2
DA:122,2
DA:122,2
FNF:8
FNH:8
LF:22
LH:22
BRF:6
BRH:6
end_of_record
